            #endif
      
            EOF
              adding 'build/src.macosx-10.9-universal2-3.1/numpy/core/include/numpy/config.h' to sources.
            Generating build/src.macosx-10.9-universal2-3.1/numpy/core/include/numpy/_numpyconfig.h
            C compiler: clang -Wsign-compare -Wunreachable-code -fno-common -dynamic -DNDEBUG -g -fwrapv -O3 -Wall -arch arm64 -arch x86_64 -g
      
            compile options: '-Inumpy/core/src/common -Inumpy/core/src -Inumpy/core -Inumpy/core/src/npymath -Inumpy/core/src/multiarray -Inumpy/core/src/umath -Inumpy/core/src/npysort -I/Users/lanre.bakare/Documents/internal-projects/AWS-MLOps-module/venv/include -I/Library/Frameworks/Python.framework/Versions/3.11/include/python3.11 -c'
            clang: _configtest.c
            _configtest.c:1:5: warning: incompatible redeclaration of library function 'exp' [-Wincompatible-library-redeclaration]
            int exp (void);
                ^
            _configtest.c:1:5: note: 'exp' is a builtin with type 'double (double)'
            1 warning generated.
            _configtest.c:1:5: warning: incompatible redeclaration of library function 'exp' [-Wincompatible-library-redeclaration]
            int exp (void);
                ^
            _configtest.c:1:5: note: 'exp' is a builtin with type 'double (double)'
            1 warning generated.
            clang _configtest.o -o _configtest
            success!
            removing: _configtest.c _configtest.o _configtest.o.d _configtest
            C compiler: clang -Wsign-compare -Wunreachable-code -fno-common -dynamic -DNDEBUG -g -fwrapv -O3 -Wall -arch arm64 -arch x86_64 -g
      
            compile options: '-Inumpy/core/src/common -Inumpy/core/src -Inumpy/core -Inumpy/core/src/npymath -Inumpy/core/src/multiarray -Inumpy/core/src/umath -Inumpy/core/src/npysort -I/Users/lanre.bakare/Documents/internal-projects/AWS-MLOps-module/venv/include -I/Library/Frameworks/Python.framework/Versions/3.11/include/python3.11 -c'
            clang: _configtest.c
            success!
            removing: _configtest.c _configtest.o _configtest.o.d
            C compiler: clang -Wsign-compare -Wunreachable-code -fno-common -dynamic -DNDEBUG -g -fwrapv -O3 -Wall -arch arm64 -arch x86_64 -g
      
            compile options: '-Inumpy/core/src/common -Inumpy/core/src -Inumpy/core -Inumpy/core/src/npymath -Inumpy/core/src/multiarray -Inumpy/core/src/umath -Inumpy/core/src/npysort -I/Users/lanre.bakare/Documents/internal-projects/AWS-MLOps-module/venv/include -I/Library/Frameworks/Python.framework/Versions/3.11/include/python3.11 -c'
            clang: _configtest.c
            success!
            removing: _configtest.c _configtest.o _configtest.o.d
            File: build/src.macosx-10.9-universal2-3.1/numpy/core/include/numpy/_numpyconfig.h
            #define NPY_SIZEOF_SHORT SIZEOF_SHORT
            #define NPY_SIZEOF_INT SIZEOF_INT
            #define NPY_SIZEOF_LONG SIZEOF_LONG
            #define NPY_SIZEOF_FLOAT 4
            #define NPY_SIZEOF_COMPLEX_FLOAT 8
            #define NPY_SIZEOF_DOUBLE 8
            #define NPY_SIZEOF_COMPLEX_DOUBLE 16
            #define NPY_SIZEOF_LONGDOUBLE 16
            #define NPY_SIZEOF_COMPLEX_LONGDOUBLE 32
            #define NPY_SIZEOF_PY_INTPTR_T 8
            #define NPY_SIZEOF_OFF_T 8
            #define NPY_SIZEOF_PY_LONG_LONG 8
            #define NPY_SIZEOF_LONGLONG 8
            #define NPY_NO_SMP 0
            #define NPY_HAVE_DECL_ISNAN
            #define NPY_HAVE_DECL_ISINF
            #define NPY_HAVE_DECL_SIGNBIT
            #define NPY_HAVE_DECL_ISFINITE
            #define NPY_USE_C99_COMPLEX 1
            #define NPY_HAVE_COMPLEX_DOUBLE 1
            #define NPY_HAVE_COMPLEX_FLOAT 1
            #define NPY_HAVE_COMPLEX_LONG_DOUBLE 1
            #define NPY_RELAXED_STRIDES_CHECKING 1
            #define NPY_USE_C99_FORMATS 1
            #define NPY_VISIBILITY_HIDDEN __attribute__((visibility("hidden")))
            #define NPY_ABI_VERSION 0x01000009
            #define NPY_API_VERSION 0x0000000D
      
            #ifndef __STDC_FORMAT_MACROS
            #define __STDC_FORMAT_MACROS 1
            #endif
      
            EOF
              adding 'build/src.macosx-10.9-universal2-3.1/numpy/core/include/numpy/_numpyconfig.h' to sources.
            executing numpy/core/code_generators/generate_numpy_api.py
              adding 'build/src.macosx-10.9-universal2-3.1/numpy/core/include/numpy/__multiarray_api.h' to sources.
            numpy.core - nothing done with h_files = ['build/src.macosx-10.9-universal2-3.1/numpy/core/include/numpy/config.h', 'build/src.macosx-10.9-universal2-3.1/numpy/core/include/numpy/_numpyconfig.h', 'build/src.macosx-10.9-universal2-3.1/numpy/core/include/numpy/__multiarray_api.h']
            building extension "numpy.core._multiarray_tests" sources
            creating build/src.macosx-10.9-universal2-3.1/numpy/core/src/multiarray
            conv_template:> build/src.macosx-10.9-universal2-3.1/numpy/core/src/multiarray/_multiarray_tests.c
            building extension "numpy.core._multiarray_umath" sources
              adding 'build/src.macosx-10.9-universal2-3.1/numpy/core/include/numpy/config.h' to sources.
              adding 'build/src.macosx-10.9-universal2-3.1/numpy/core/include/numpy/_numpyconfig.h' to sources.
            executing numpy/core/code_generators/generate_numpy_api.py
              adding 'build/src.macosx-10.9-universal2-3.1/numpy/core/include/numpy/__multiarray_api.h' to sources.
            executing numpy/core/code_generators/generate_ufunc_api.py
              adding 'build/src.macosx-10.9-universal2-3.1/numpy/core/include/numpy/__ufunc_api.h' to sources.
            conv_template:> build/src.macosx-10.9-universal2-3.1/numpy/core/src/multiarray/arraytypes.c
            conv_template:> build/src.macosx-10.9-universal2-3.1/numpy/core/src/multiarray/einsum.c
            conv_template:> build/src.macosx-10.9-universal2-3.1/numpy/core/src/multiarray/lowlevel_strided_loops.c
            conv_template:> build/src.macosx-10.9-universal2-3.1/numpy/core/src/multiarray/nditer_templ.c
            conv_template:> build/src.macosx-10.9-universal2-3.1/numpy/core/src/multiarray/scalartypes.c
            creating build/src.macosx-10.9-universal2-3.1/numpy/core/src/umath
            conv_template:> build/src.macosx-10.9-universal2-3.1/numpy/core/src/umath/funcs.inc
              adding 'build/src.macosx-10.9-universal2-3.1/numpy/core/src/umath' to include_dirs.
            conv_template:> build/src.macosx-10.9-universal2-3.1/numpy/core/src/umath/simd.inc
            conv_template:> build/src.macosx-10.9-universal2-3.1/numpy/core/src/umath/loops.h
            conv_template:> build/src.macosx-10.9-universal2-3.1/numpy/core/src/umath/loops.c
            conv_template:> build/src.macosx-10.9-universal2-3.1/numpy/core/src/umath/matmul.h
            conv_template:> build/src.macosx-10.9-universal2-3.1/numpy/core/src/umath/matmul.c
            conv_template:> build/src.macosx-10.9-universal2-3.1/numpy/core/src/umath/clip.h
            conv_template:> build/src.macosx-10.9-universal2-3.1/numpy/core/src/umath/clip.c
            conv_template:> build/src.macosx-10.9-universal2-3.1/numpy/core/src/umath/scalarmath.c
              adding 'build/src.macosx-10.9-universal2-3.1/numpy/core/src/npymath' to include_dirs.
            conv_template:> build/src.macosx-10.9-universal2-3.1/numpy/core/src/common/templ_common.h
              adding 'build/src.macosx-10.9-universal2-3.1/numpy/core/src/common' to include_dirs.
            numpy.core - nothing done with h_files = ['build/src.macosx-10.9-universal2-3.1/numpy/core/src/umath/funcs.inc', 'build/src.macosx-10.9-universal2-3.1/numpy/core/src/umath/simd.inc', 'build/src.macosx-10.9-universal2-3.1/numpy/core/src/umath/loops.h', 'build/src.macosx-10.9-universal2-3.1/numpy/core/src/umath/matmul.h', 'build/src.macosx-10.9-universal2-3.1/numpy/core/src/umath/clip.h', 'build/src.macosx-10.9-universal2-3.1/numpy/core/src/npymath/npy_math_internal.h', 'build/src.macosx-10.9-universal2-3.1/numpy/core/src/common/templ_common.h', 'build/src.macosx-10.9-universal2-3.1/numpy/core/include/numpy/config.h', 'build/src.macosx-10.9-universal2-3.1/numpy/core/include/numpy/_numpyconfig.h', 'build/src.macosx-10.9-universal2-3.1/numpy/core/include/numpy/__multiarray_api.h', 'build/src.macosx-10.9-universal2-3.1/numpy/core/include/numpy/__ufunc_api.h']
            building extension "numpy.core._umath_tests" sources
            conv_template:> build/src.macosx-10.9-universal2-3.1/numpy/core/src/umath/_umath_tests.c
            building extension "numpy.core._rational_tests" sources
            conv_template:> build/src.macosx-10.9-universal2-3.1/numpy/core/src/umath/_rational_tests.c
            building extension "numpy.core._struct_ufunc_tests" sources
            conv_template:> build/src.macosx-10.9-universal2-3.1/numpy/core/src/umath/_struct_ufunc_tests.c
            building extension "numpy.core._operand_flag_tests" sources
            conv_template:> build/src.macosx-10.9-universal2-3.1/numpy/core/src/umath/_operand_flag_tests.c
            building extension "numpy.fft._pocketfft_internal" sources
            building extension "numpy.linalg.lapack_lite" sources
            creating build/src.macosx-10.9-universal2-3.1/numpy/linalg
              adding 'numpy/linalg/lapack_lite/python_xerbla.c' to sources.
            building extension "numpy.linalg._umath_linalg" sources
              adding 'numpy/linalg/lapack_lite/python_xerbla.c' to sources.
            conv_template:> build/src.macosx-10.9-universal2-3.1/numpy/linalg/umath_linalg.c
            building extension "numpy.random.mt19937" sources
            building extension "numpy.random.philox" sources
            building extension "numpy.random.pcg64" sources
            building extension "numpy.random.sfc64" sources
            building extension "numpy.random.common" sources
            building extension "numpy.random.bit_generator" sources
            building extension "numpy.random.generator" sources
            building extension "numpy.random.bounded_integers" sources
            building extension "numpy.random.mtrand" sources
            building data_files sources
            build_src: building npy-pkg config files
            running build_py
            creating build/lib.macosx-10.9-universal2-cpython-311
            creating build/lib.macosx-10.9-universal2-cpython-311/numpy
            copying numpy/conftest.py -> build/lib.macosx-10.9-universal2-cpython-311/numpy
            copying numpy/version.py -> build/lib.macosx-10.9-universal2-cpython-311/numpy
            copying numpy/_globals.py -> build/lib.macosx-10.9-universal2-cpython-311/numpy
            copying numpy/__init__.py -> build/lib.macosx-10.9-universal2-cpython-311/numpy
            copying numpy/dual.py -> build/lib.macosx-10.9-universal2-cpython-311/numpy
            copying numpy/_distributor_init.py -> build/lib.macosx-10.9-universal2-cpython-311/numpy
            copying numpy/setup.py -> build/lib.macosx-10.9-universal2-cpython-311/numpy
            copying numpy/ctypeslib.py -> build/lib.macosx-10.9-universal2-cpython-311/numpy
            copying numpy/matlib.py -> build/lib.macosx-10.9-universal2-cpython-311/numpy
            copying numpy/_pytesttester.py -> build/lib.macosx-10.9-universal2-cpython-311/numpy
            copying build/src.macosx-10.9-universal2-3.1/numpy/__config__.py -> build/lib.macosx-10.9-universal2-cpython-311/numpy
            creating build/lib.macosx-10.9-universal2-cpython-311/numpy/compat
            copying numpy/compat/py3k.py -> build/lib.macosx-10.9-universal2-cpython-311/numpy/compat
            copying numpy/compat/__init__.py -> build/lib.macosx-10.9-universal2-cpython-311/numpy/compat
            copying numpy/compat/setup.py -> build/lib.macosx-10.9-universal2-cpython-311/numpy/compat
            copying numpy/compat/_inspect.py -> build/lib.macosx-10.9-universal2-cpython-311/numpy/compat
            creating build/lib.macosx-10.9-universal2-cpython-311/numpy/core
            copying numpy/core/umath.py -> build/lib.macosx-10.9-universal2-cpython-311/numpy/core
            copying numpy/core/fromnumeric.py -> build/lib.macosx-10.9-universal2-cpython-311/numpy/core
            copying numpy/core/_dtype.py -> build/lib.macosx-10.9-universal2-cpython-311/numpy/core
            copying numpy/core/_add_newdocs.py -> build/lib.macosx-10.9-universal2-cpython-311/numpy/core
            copying numpy/core/_methods.py -> build/lib.macosx-10.9-universal2-cpython-311/numpy/core
            copying numpy/core/_internal.py -> build/lib.macosx-10.9-universal2-cpython-311/numpy/core
            copying numpy/core/_string_helpers.py -> build/lib.macosx-10.9-universal2-cpython-311/numpy/core
            copying numpy/core/multiarray.py -> build/lib.macosx-10.9-universal2-cpython-311/numpy/core
            copying numpy/core/_asarray.py -> build/lib.macosx-10.9-universal2-cpython-311/numpy/core
            copying numpy/core/records.py -> build/lib.macosx-10.9-universal2-cpython-311/numpy/core
            copying numpy/core/__init__.py -> build/lib.macosx-10.9-universal2-cpython-311/numpy/core
            copying numpy/core/setup_common.py -> build/lib.macosx-10.9-universal2-cpython-311/numpy/core
            copying numpy/core/_aliased_types.py -> build/lib.macosx-10.9-universal2-cpython-311/numpy/core
            copying numpy/core/memmap.py -> build/lib.macosx-10.9-universal2-cpython-311/numpy/core
            copying numpy/core/overrides.py -> build/lib.macosx-10.9-universal2-cpython-311/numpy/core
            copying numpy/core/getlimits.py -> build/lib.macosx-10.9-universal2-cpython-311/numpy/core
            copying numpy/core/_dtype_ctypes.py -> build/lib.macosx-10.9-universal2-cpython-311/numpy/core
            copying numpy/core/defchararray.py -> build/lib.macosx-10.9-universal2-cpython-311/numpy/core
            copying numpy/core/shape_base.py -> build/lib.macosx-10.9-universal2-cpython-311/numpy/core
            copying numpy/core/machar.py -> build/lib.macosx-10.9-universal2-cpython-311/numpy/core
            copying numpy/core/setup.py -> build/lib.macosx-10.9-universal2-cpython-311/numpy/core
            copying numpy/core/numeric.py -> build/lib.macosx-10.9-universal2-cpython-311/numpy/core
            copying numpy/core/function_base.py -> build/lib.macosx-10.9-universal2-cpython-311/numpy/core
            copying numpy/core/einsumfunc.py -> build/lib.macosx-10.9-universal2-cpython-311/numpy/core
            copying numpy/core/umath_tests.py -> build/lib.macosx-10.9-universal2-cpython-311/numpy/core
            copying numpy/core/_ufunc_config.py -> build/lib.macosx-10.9-universal2-cpython-311/numpy/core
            copying numpy/core/info.py -> build/lib.macosx-10.9-universal2-cpython-311/numpy/core
            copying numpy/core/_exceptions.py -> build/lib.macosx-10.9-universal2-cpython-311/numpy/core
            copying numpy/core/numerictypes.py -> build/lib.macosx-10.9-universal2-cpython-311/numpy/core
            copying numpy/core/_type_aliases.py -> build/lib.macosx-10.9-universal2-cpython-311/numpy/core
            copying numpy/core/cversions.py -> build/lib.macosx-10.9-universal2-cpython-311/numpy/core
            copying numpy/core/arrayprint.py -> build/lib.macosx-10.9-universal2-cpython-311/numpy/core
            copying numpy/core/code_generators/generate_numpy_api.py -> build/lib.macosx-10.9-universal2-cpython-311/numpy/core
            creating build/lib.macosx-10.9-universal2-cpython-311/numpy/distutils
            copying numpy/distutils/unixccompiler.py -> build/lib.macosx-10.9-universal2-cpython-311/numpy/distutils
            copying numpy/distutils/numpy_distribution.py -> build/lib.macosx-10.9-universal2-cpython-311/numpy/distutils
            copying numpy/distutils/conv_template.py -> build/lib.macosx-10.9-universal2-cpython-311/numpy/distutils
            copying numpy/distutils/cpuinfo.py -> build/lib.macosx-10.9-universal2-cpython-311/numpy/distutils
            copying numpy/distutils/ccompiler.py -> build/lib.macosx-10.9-universal2-cpython-311/numpy/distutils
            copying numpy/distutils/msvc9compiler.py -> build/lib.macosx-10.9-universal2-cpython-311/numpy/distutils
            copying numpy/distutils/npy_pkg_config.py -> build/lib.macosx-10.9-universal2-cpython-311/numpy/distutils
            copying numpy/distutils/compat.py -> build/lib.macosx-10.9-universal2-cpython-311/numpy/distutils
            copying numpy/distutils/misc_util.py -> build/lib.macosx-10.9-universal2-cpython-311/numpy/distutils
            copying numpy/distutils/log.py -> build/lib.macosx-10.9-universal2-cpython-311/numpy/distutils
            copying numpy/distutils/line_endings.py -> build/lib.macosx-10.9-universal2-cpython-311/numpy/distutils
            copying numpy/distutils/lib2def.py -> build/lib.macosx-10.9-universal2-cpython-311/numpy/distutils
            copying numpy/distutils/pathccompiler.py -> build/lib.macosx-10.9-universal2-cpython-311/numpy/distutils
            copying numpy/distutils/system_info.py -> build/lib.macosx-10.9-universal2-cpython-311/numpy/distutils
            copying numpy/distutils/__init__.py -> build/lib.macosx-10.9-universal2-cpython-311/numpy/distutils
            copying numpy/distutils/core.py -> build/lib.macosx-10.9-universal2-cpython-311/numpy/distutils
            copying numpy/distutils/__version__.py -> build/lib.macosx-10.9-universal2-cpython-311/numpy/distutils
            copying numpy/distutils/exec_command.py -> build/lib.macosx-10.9-universal2-cpython-311/numpy/distutils
            copying numpy/distutils/from_template.py -> build/lib.macosx-10.9-universal2-cpython-311/numpy/distutils
            copying numpy/distutils/mingw32ccompiler.py -> build/lib.macosx-10.9-universal2-cpython-311/numpy/distutils
            copying numpy/distutils/setup.py -> build/lib.macosx-10.9-universal2-cpython-311/numpy/distutils
            copying numpy/distutils/extension.py -> build/lib.macosx-10.9-universal2-cpython-311/numpy/distutils
            copying numpy/distutils/msvccompiler.py -> build/lib.macosx-10.9-universal2-cpython-311/numpy/distutils
            copying numpy/distutils/intelccompiler.py -> build/lib.macosx-10.9-universal2-cpython-311/numpy/distutils
            copying numpy/distutils/_shell_utils.py -> build/lib.macosx-10.9-universal2-cpython-311/numpy/distutils
            copying numpy/distutils/info.py -> build/lib.macosx-10.9-universal2-cpython-311/numpy/distutils
            copying build/src.macosx-10.9-universal2-3.1/numpy/distutils/__config__.py -> build/lib.macosx-10.9-universal2-cpython-311/numpy/distutils
            creating build/lib.macosx-10.9-universal2-cpython-311/numpy/distutils/command
            copying numpy/distutils/command/build.py -> build/lib.macosx-10.9-universal2-cpython-311/numpy/distutils/command
            copying numpy/distutils/command/config_compiler.py -> build/lib.macosx-10.9-universal2-cpython-311/numpy/distutils/command
            copying numpy/distutils/command/build_ext.py -> build/lib.macosx-10.9-universal2-cpython-311/numpy/distutils/command
            copying numpy/distutils/command/config.py -> build/lib.macosx-10.9-universal2-cpython-311/numpy/distutils/command
            copying numpy/distutils/command/install_headers.py -> build/lib.macosx-10.9-universal2-cpython-311/numpy/distutils/command
            copying numpy/distutils/command/build_py.py -> build/lib.macosx-10.9-universal2-cpython-311/numpy/distutils/command
            copying numpy/distutils/command/build_src.py -> build/lib.macosx-10.9-universal2-cpython-311/numpy/distutils/command
            copying numpy/distutils/command/__init__.py -> build/lib.macosx-10.9-universal2-cpython-311/numpy/distutils/command
            copying numpy/distutils/command/sdist.py -> build/lib.macosx-10.9-universal2-cpython-311/numpy/distutils/command
            copying numpy/distutils/command/build_scripts.py -> build/lib.macosx-10.9-universal2-cpython-311/numpy/distutils/command
            copying numpy/distutils/command/bdist_rpm.py -> build/lib.macosx-10.9-universal2-cpython-311/numpy/distutils/command
            copying numpy/distutils/command/install_clib.py -> build/lib.macosx-10.9-universal2-cpython-311/numpy/distutils/command
            copying numpy/distutils/command/build_clib.py -> build/lib.macosx-10.9-universal2-cpython-311/numpy/distutils/command
            copying numpy/distutils/command/autodist.py -> build/lib.macosx-10.9-universal2-cpython-311/numpy/distutils/command
            copying numpy/distutils/command/egg_info.py -> build/lib.macosx-10.9-universal2-cpython-311/numpy/distutils/command
            copying numpy/distutils/command/install.py -> build/lib.macosx-10.9-universal2-cpython-311/numpy/distutils/command
            copying numpy/distutils/command/develop.py -> build/lib.macosx-10.9-universal2-cpython-311/numpy/distutils/command
            copying numpy/distutils/command/install_data.py -> build/lib.macosx-10.9-universal2-cpython-311/numpy/distutils/command
            creating build/lib.macosx-10.9-universal2-cpython-311/numpy/distutils/fcompiler
            copying numpy/distutils/fcompiler/gnu.py -> build/lib.macosx-10.9-universal2-cpython-311/numpy/distutils/fcompiler
            copying numpy/distutils/fcompiler/compaq.py -> build/lib.macosx-10.9-universal2-cpython-311/numpy/distutils/fcompiler
            copying numpy/distutils/fcompiler/intel.py -> build/lib.macosx-10.9-universal2-cpython-311/numpy/distutils/fcompiler
            copying numpy/distutils/fcompiler/none.py -> build/lib.macosx-10.9-universal2-cpython-311/numpy/distutils/fcompiler
            copying numpy/distutils/fcompiler/nag.py -> build/lib.macosx-10.9-universal2-cpython-311/numpy/distutils/fcompiler
            copying numpy/distutils/fcompiler/pg.py -> build/lib.macosx-10.9-universal2-cpython-311/numpy/distutils/fcompiler
            copying numpy/distutils/fcompiler/ibm.py -> build/lib.macosx-10.9-universal2-cpython-311/numpy/distutils/fcompiler
            copying numpy/distutils/fcompiler/sun.py -> build/lib.macosx-10.9-universal2-cpython-311/numpy/distutils/fcompiler
            copying numpy/distutils/fcompiler/lahey.py -> build/lib.macosx-10.9-universal2-cpython-311/numpy/distutils/fcompiler
            copying numpy/distutils/fcompiler/__init__.py -> build/lib.macosx-10.9-universal2-cpython-311/numpy/distutils/fcompiler
            copying numpy/distutils/fcompiler/g95.py -> build/lib.macosx-10.9-universal2-cpython-311/numpy/distutils/fcompiler
            copying numpy/distutils/fcompiler/mips.py -> build/lib.macosx-10.9-universal2-cpython-311/numpy/distutils/fcompiler
            copying numpy/distutils/fcompiler/hpux.py -> build/lib.macosx-10.9-universal2-cpython-311/numpy/distutils/fcompiler
            copying numpy/distutils/fcompiler/environment.py -> build/lib.macosx-10.9-universal2-cpython-311/numpy/distutils/fcompiler
            copying numpy/distutils/fcompiler/pathf95.py -> build/lib.macosx-10.9-universal2-cpython-311/numpy/distutils/fcompiler
            copying numpy/distutils/fcompiler/absoft.py -> build/lib.macosx-10.9-universal2-cpython-311/numpy/distutils/fcompiler
            copying numpy/distutils/fcompiler/vast.py -> build/lib.macosx-10.9-universal2-cpython-311/numpy/distutils/fcompiler
            creating build/lib.macosx-10.9-universal2-cpython-311/numpy/doc
            copying numpy/doc/misc.py -> build/lib.macosx-10.9-universal2-cpython-311/numpy/doc
            copying numpy/doc/internals.py -> build/lib.macosx-10.9-universal2-cpython-311/numpy/doc
            copying numpy/doc/creation.py -> build/lib.macosx-10.9-universal2-cpython-311/numpy/doc
            copying numpy/doc/dispatch.py -> build/lib.macosx-10.9-universal2-cpython-311/numpy/doc
            copying numpy/doc/constants.py -> build/lib.macosx-10.9-universal2-cpython-311/numpy/doc
            copying numpy/doc/ufuncs.py -> build/lib.macosx-10.9-universal2-cpython-311/numpy/doc
            copying numpy/doc/__init__.py -> build/lib.macosx-10.9-universal2-cpython-311/numpy/doc
            copying numpy/doc/broadcasting.py -> build/lib.macosx-10.9-universal2-cpython-311/numpy/doc
            copying numpy/doc/basics.py -> build/lib.macosx-10.9-universal2-cpython-311/numpy/doc
            copying numpy/doc/subclassing.py -> build/lib.macosx-10.9-universal2-cpython-311/numpy/doc
            copying numpy/doc/indexing.py -> build/lib.macosx-10.9-universal2-cpython-311/numpy/doc
            copying numpy/doc/byteswapping.py -> build/lib.macosx-10.9-universal2-cpython-311/numpy/doc
            copying numpy/doc/structured_arrays.py -> build/lib.macosx-10.9-universal2-cpython-311/numpy/doc
            copying numpy/doc/glossary.py -> build/lib.macosx-10.9-universal2-cpython-311/numpy/doc
            creating build/lib.macosx-10.9-universal2-cpython-311/numpy/f2py
            copying numpy/f2py/cfuncs.py -> build/lib.macosx-10.9-universal2-cpython-311/numpy/f2py
            copying numpy/f2py/common_rules.py -> build/lib.macosx-10.9-universal2-cpython-311/numpy/f2py
            copying numpy/f2py/crackfortran.py -> build/lib.macosx-10.9-universal2-cpython-311/numpy/f2py
            copying numpy/f2py/cb_rules.py -> build/lib.macosx-10.9-universal2-cpython-311/numpy/f2py
            copying numpy/f2py/__init__.py -> build/lib.macosx-10.9-universal2-cpython-311/numpy/f2py
            copying numpy/f2py/rules.py -> build/lib.macosx-10.9-universal2-cpython-311/numpy/f2py
            copying numpy/f2py/f2py2e.py -> build/lib.macosx-10.9-universal2-cpython-311/numpy/f2py
            copying numpy/f2py/func2subr.py -> build/lib.macosx-10.9-universal2-cpython-311/numpy/f2py
            copying numpy/f2py/__version__.py -> build/lib.macosx-10.9-universal2-cpython-311/numpy/f2py
            copying numpy/f2py/diagnose.py -> build/lib.macosx-10.9-universal2-cpython-311/numpy/f2py
            copying numpy/f2py/setup.py -> build/lib.macosx-10.9-universal2-cpython-311/numpy/f2py
            copying numpy/f2py/capi_maps.py -> build/lib.macosx-10.9-universal2-cpython-311/numpy/f2py
            copying numpy/f2py/f90mod_rules.py -> build/lib.macosx-10.9-universal2-cpython-311/numpy/f2py
            copying numpy/f2py/f2py_testing.py -> build/lib.macosx-10.9-universal2-cpython-311/numpy/f2py
            copying numpy/f2py/use_rules.py -> build/lib.macosx-10.9-universal2-cpython-311/numpy/f2py
            copying numpy/f2py/info.py -> build/lib.macosx-10.9-universal2-cpython-311/numpy/f2py
            copying numpy/f2py/auxfuncs.py -> build/lib.macosx-10.9-universal2-cpython-311/numpy/f2py
            copying numpy/f2py/__main__.py -> build/lib.macosx-10.9-universal2-cpython-311/numpy/f2py
            creating build/lib.macosx-10.9-universal2-cpython-311/numpy/fft
            copying numpy/fft/__init__.py -> build/lib.macosx-10.9-universal2-cpython-311/numpy/fft
            copying numpy/fft/setup.py -> build/lib.macosx-10.9-universal2-cpython-311/numpy/fft
            copying numpy/fft/helper.py -> build/lib.macosx-10.9-universal2-cpython-311/numpy/fft
            copying numpy/fft/_pocketfft.py -> build/lib.macosx-10.9-universal2-cpython-311/numpy/fft
            creating build/lib.macosx-10.9-universal2-cpython-311/numpy/lib
            copying numpy/lib/_iotools.py -> build/lib.macosx-10.9-universal2-cpython-311/numpy/lib
            copying numpy/lib/mixins.py -> build/lib.macosx-10.9-universal2-cpython-311/numpy/lib
            copying numpy/lib/nanfunctions.py -> build/lib.macosx-10.9-universal2-cpython-311/numpy/lib
            copying numpy/lib/recfunctions.py -> build/lib.macosx-10.9-universal2-cpython-311/numpy/lib
            copying numpy/lib/histograms.py -> build/lib.macosx-10.9-universal2-cpython-311/numpy/lib
            copying numpy/lib/scimath.py -> build/lib.macosx-10.9-universal2-cpython-311/numpy/lib
            copying numpy/lib/_version.py -> build/lib.macosx-10.9-universal2-cpython-311/numpy/lib
            copying numpy/lib/user_array.py -> build/lib.macosx-10.9-universal2-cpython-311/numpy/lib
            copying numpy/lib/__init__.py -> build/lib.macosx-10.9-universal2-cpython-311/numpy/lib
            copying numpy/lib/format.py -> build/lib.macosx-10.9-universal2-cpython-311/numpy/lib
            copying numpy/lib/twodim_base.py -> build/lib.macosx-10.9-universal2-cpython-311/numpy/lib
            copying numpy/lib/financial.py -> build/lib.macosx-10.9-universal2-cpython-311/numpy/lib
            copying numpy/lib/index_tricks.py -> build/lib.macosx-10.9-universal2-cpython-311/numpy/lib
            copying numpy/lib/npyio.py -> build/lib.macosx-10.9-universal2-cpython-311/numpy/lib
            copying numpy/lib/shape_base.py -> build/lib.macosx-10.9-universal2-cpython-311/numpy/lib
            copying numpy/lib/setup.py -> build/lib.macosx-10.9-universal2-cpython-311/numpy/lib
            copying numpy/lib/stride_tricks.py -> build/lib.macosx-10.9-universal2-cpython-311/numpy/lib
            copying numpy/lib/utils.py -> build/lib.macosx-10.9-universal2-cpython-311/numpy/lib
            copying numpy/lib/arrayterator.py -> build/lib.macosx-10.9-universal2-cpython-311/numpy/lib
            copying numpy/lib/function_base.py -> build/lib.macosx-10.9-universal2-cpython-311/numpy/lib
            copying numpy/lib/arraysetops.py -> build/lib.macosx-10.9-universal2-cpython-311/numpy/lib
            copying numpy/lib/arraypad.py -> build/lib.macosx-10.9-universal2-cpython-311/numpy/lib
            copying numpy/lib/type_check.py -> build/lib.macosx-10.9-universal2-cpython-311/numpy/lib
            copying numpy/lib/info.py -> build/lib.macosx-10.9-universal2-cpython-311/numpy/lib
            copying numpy/lib/polynomial.py -> build/lib.macosx-10.9-universal2-cpython-311/numpy/lib
            copying numpy/lib/_datasource.py -> build/lib.macosx-10.9-universal2-cpython-311/numpy/lib
            copying numpy/lib/ufunclike.py -> build/lib.macosx-10.9-universal2-cpython-311/numpy/lib
            creating build/lib.macosx-10.9-universal2-cpython-311/numpy/linalg
            copying numpy/linalg/__init__.py -> build/lib.macosx-10.9-universal2-cpython-311/numpy/linalg
            copying numpy/linalg/setup.py -> build/lib.macosx-10.9-universal2-cpython-311/numpy/linalg
            copying numpy/linalg/linalg.py -> build/lib.macosx-10.9-universal2-cpython-311/numpy/linalg
            copying numpy/linalg/info.py -> build/lib.macosx-10.9-universal2-cpython-311/numpy/linalg
            creating build/lib.macosx-10.9-universal2-cpython-311/numpy/ma
            copying numpy/ma/extras.py -> build/lib.macosx-10.9-universal2-cpython-311/numpy/ma
            copying numpy/ma/version.py -> build/lib.macosx-10.9-universal2-cpython-311/numpy/ma
            copying numpy/ma/testutils.py -> build/lib.macosx-10.9-universal2-cpython-311/numpy/ma
            copying numpy/ma/__init__.py -> build/lib.macosx-10.9-universal2-cpython-311/numpy/ma
            copying numpy/ma/core.py -> build/lib.macosx-10.9-universal2-cpython-311/numpy/ma
            copying numpy/ma/bench.py -> build/lib.macosx-10.9-universal2-cpython-311/numpy/ma
            copying numpy/ma/setup.py -> build/lib.macosx-10.9-universal2-cpython-311/numpy/ma
            copying numpy/ma/timer_comparison.py -> build/lib.macosx-10.9-universal2-cpython-311/numpy/ma
            copying numpy/ma/mrecords.py -> build/lib.macosx-10.9-universal2-cpython-311/numpy/ma
            creating build/lib.macosx-10.9-universal2-cpython-311/numpy/matrixlib
            copying numpy/matrixlib/__init__.py -> build/lib.macosx-10.9-universal2-cpython-311/numpy/matrixlib
            copying numpy/matrixlib/setup.py -> build/lib.macosx-10.9-universal2-cpython-311/numpy/matrixlib
            copying numpy/matrixlib/defmatrix.py -> build/lib.macosx-10.9-universal2-cpython-311/numpy/matrixlib
            creating build/lib.macosx-10.9-universal2-cpython-311/numpy/polynomial
            copying numpy/polynomial/laguerre.py -> build/lib.macosx-10.9-universal2-cpython-311/numpy/polynomial
            copying numpy/polynomial/_polybase.py -> build/lib.macosx-10.9-universal2-cpython-311/numpy/polynomial
            copying numpy/polynomial/polyutils.py -> build/lib.macosx-10.9-universal2-cpython-311/numpy/polynomial
            copying numpy/polynomial/__init__.py -> build/lib.macosx-10.9-universal2-cpython-311/numpy/polynomial
            copying numpy/polynomial/setup.py -> build/lib.macosx-10.9-universal2-cpython-311/numpy/polynomial
            copying numpy/polynomial/hermite_e.py -> build/lib.macosx-10.9-universal2-cpython-311/numpy/polynomial
            copying numpy/polynomial/chebyshev.py -> build/lib.macosx-10.9-universal2-cpython-311/numpy/polynomial
            copying numpy/polynomial/polynomial.py -> build/lib.macosx-10.9-universal2-cpython-311/numpy/polynomial
            copying numpy/polynomial/legendre.py -> build/lib.macosx-10.9-universal2-cpython-311/numpy/polynomial
            copying numpy/polynomial/hermite.py -> build/lib.macosx-10.9-universal2-cpython-311/numpy/polynomial
            creating build/lib.macosx-10.9-universal2-cpython-311/numpy/random
            copying numpy/random/_pickle.py -> build/lib.macosx-10.9-universal2-cpython-311/numpy/random
            copying numpy/random/__init__.py -> build/lib.macosx-10.9-universal2-cpython-311/numpy/random
            copying numpy/random/setup.py -> build/lib.macosx-10.9-universal2-cpython-311/numpy/random
            copying numpy/random/info.py -> build/lib.macosx-10.9-universal2-cpython-311/numpy/random
            creating build/lib.macosx-10.9-universal2-cpython-311/numpy/testing
            copying numpy/testing/nosetester.py -> build/lib.macosx-10.9-universal2-cpython-311/numpy/testing
            copying numpy/testing/__init__.py -> build/lib.macosx-10.9-universal2-cpython-311/numpy/testing
            copying numpy/testing/noseclasses.py -> build/lib.macosx-10.9-universal2-cpython-311/numpy/testing
            copying numpy/testing/setup.py -> build/lib.macosx-10.9-universal2-cpython-311/numpy/testing
            copying numpy/testing/utils.py -> build/lib.macosx-10.9-universal2-cpython-311/numpy/testing
            copying numpy/testing/print_coercion_tables.py -> build/lib.macosx-10.9-universal2-cpython-311/numpy/testing
            copying numpy/testing/decorators.py -> build/lib.macosx-10.9-universal2-cpython-311/numpy/testing
            creating build/lib.macosx-10.9-universal2-cpython-311/numpy/testing/_private
            copying numpy/testing/_private/nosetester.py -> build/lib.macosx-10.9-universal2-cpython-311/numpy/testing/_private
            copying numpy/testing/_private/__init__.py -> build/lib.macosx-10.9-universal2-cpython-311/numpy/testing/_private
            copying numpy/testing/_private/noseclasses.py -> build/lib.macosx-10.9-universal2-cpython-311/numpy/testing/_private
            copying numpy/testing/_private/utils.py -> build/lib.macosx-10.9-universal2-cpython-311/numpy/testing/_private
            copying numpy/testing/_private/parameterized.py -> build/lib.macosx-10.9-universal2-cpython-311/numpy/testing/_private
            copying numpy/testing/_private/decorators.py -> build/lib.macosx-10.9-universal2-cpython-311/numpy/testing/_private
            running build_clib
            customize UnixCCompiler
            customize UnixCCompiler using build_clib
            building 'npymath' library
            compiling C sources
            C compiler: clang -Wsign-compare -Wunreachable-code -fno-common -dynamic -DNDEBUG -g -fwrapv -O3 -Wall -arch arm64 -arch x86_64 -g
      
            creating build/temp.macosx-10.9-universal2-cpython-311
            creating build/temp.macosx-10.9-universal2-cpython-311/numpy
            creating build/temp.macosx-10.9-universal2-cpython-311/numpy/core
            creating build/temp.macosx-10.9-universal2-cpython-311/numpy/core/src
            creating build/temp.macosx-10.9-universal2-cpython-311/numpy/core/src/npymath
            creating build/temp.macosx-10.9-universal2-cpython-311/build
            creating build/temp.macosx-10.9-universal2-cpython-311/build/src.macosx-10.9-universal2-3.1
            creating build/temp.macosx-10.9-universal2-cpython-311/build/src.macosx-10.9-universal2-3.1/numpy
            creating build/temp.macosx-10.9-universal2-cpython-311/build/src.macosx-10.9-universal2-3.1/numpy/core
            creating build/temp.macosx-10.9-universal2-cpython-311/build/src.macosx-10.9-universal2-3.1/numpy/core/src
            creating build/temp.macosx-10.9-universal2-cpython-311/build/src.macosx-10.9-universal2-3.1/numpy/core/src/npymath
            compile options: '-Ibuild/src.macosx-10.9-universal2-3.1/numpy/core/src/npymath -Inumpy/core/include -Ibuild/src.macosx-10.9-universal2-3.1/numpy/core/include/numpy -Inumpy/core/src/common -Inumpy/core/src -Inumpy/core -Inumpy/core/src/npymath -Inumpy/core/src/multiarray -Inumpy/core/src/umath -Inumpy/core/src/npysort -I/Users/lanre.bakare/Documents/internal-projects/AWS-MLOps-module/venv/include -I/Library/Frameworks/Python.framework/Versions/3.11/include/python3.11 -Ibuild/src.macosx-10.9-universal2-3.1/numpy/core/src/common -Ibuild/src.macosx-10.9-universal2-3.1/numpy/core/src/npymath -Ibuild/src.macosx-10.9-universal2-3.1/numpy/core/src/common -Ibuild/src.macosx-10.9-universal2-3.1/numpy/core/src/npymath -c'
            clang: numpy/core/src/npymath/npy_math.c
            clang: build/src.macosx-10.9-universal2-3.1/numpy/core/src/npymath/ieee754.c
            clang: build/src.macosx-10.9-universal2-3.1/numpy/core/src/npymath/npy_math_complex.c
            clang: numpy/core/src/npymath/halffloat.c
            numpy/core/src/npymath/npy_math_complex.c.src:48:33: warning: unused variable 'tiny' [-Wunused-const-variable]
            static const volatile npy_float tiny = 3.9443045e-31f;
                                            ^
            numpy/core/src/npymath/npy_math_complex.c.src:67:25: warning: unused variable 'c_halff' [-Wunused-const-variable]
            static const npy_cfloat c_halff = {0.5F, 0.0};
                                    ^
            numpy/core/src/npymath/npy_math_complex.c.src:68:25: warning: unused variable 'c_if' [-Wunused-const-variable]
            static const npy_cfloat c_if = {0.0, 1.0F};
                                    ^
            numpy/core/src/npymath/npy_math_complex.c.src:69:25: warning: unused variable 'c_ihalff' [-Wunused-const-variable]
            static const npy_cfloat c_ihalff = {0.0, 0.5F};
                                    ^
            numpy/core/src/npymath/npy_math_complex.c.src:79:1: warning: unused function 'caddf' [-Wunused-function]
            caddf(npy_cfloat a, npy_cfloat b)
            ^
            numpy/core/src/npymath/npy_math_complex.c.src:87:1: warning: unused function 'csubf' [-Wunused-function]
            csubf(npy_cfloat a, npy_cfloat b)
            ^
            numpy/core/src/npymath/npy_math_complex.c.src:137:1: warning: unused function 'cnegf' [-Wunused-function]
            cnegf(npy_cfloat a)
            ^
            numpy/core/src/npymath/npy_math_complex.c.src:144:1: warning: unused function 'cmulif' [-Wunused-function]
            cmulif(npy_cfloat a)
            ^
            numpy/core/src/npymath/npy_math_complex.c.src:67:26: warning: unused variable 'c_half' [-Wunused-const-variable]
            static const npy_cdouble c_half = {0.5, 0.0};
                                     ^
            numpy/core/src/npymath/npy_math_complex.c.src:68:26: warning: unused variable 'c_i' [-Wunused-const-variable]
            static const npy_cdouble c_i = {0.0, 1.0};
                                     ^
            numpy/core/src/npymath/npy_math_complex.c.src:69:26: warning: unused variable 'c_ihalf' [-Wunused-const-variable]
            static const npy_cdouble c_ihalf = {0.0, 0.5};
                                     ^
            numpy/core/src/npymath/npy_math_complex.c.src:79:1: warning: unused function 'cadd' [-Wunused-function]
            cadd(npy_cdouble a, npy_cdouble b)
            ^
            numpy/core/src/npymath/npy_math_complex.c.src:87:1: warning: unused function 'csub' [-Wunused-function]
            csub(npy_cdouble a, npy_cdouble b)
            ^
            numpy/core/src/npymath/npy_math_complex.c.src:137:1: warning: unused function 'cneg' [-Wunused-function]
            cneg(npy_cdouble a)
            ^
            numpy/core/src/npymath/npy_math_complex.c.src:144:1: warning: unused function 'cmuli' [-Wunused-function]
            cmuli(npy_cdouble a)
            ^
            numpy/core/src/npymath/npy_math_complex.c.src:67:30: warning: unused variable 'c_halfl' [-Wunused-const-variable]
            static const npy_clongdouble c_halfl = {0.5L, 0.0};
                                         ^
            numpy/core/src/npymath/npy_math_complex.c.src:68:30: warning: unused variable 'c_il' [-Wunused-const-variable]
            static const npy_clongdouble c_il = {0.0, 1.0L};
                                         ^
            numpy/core/src/npymath/npy_math_complex.c.src:69:30: warning: unused variable 'c_ihalfl' [-Wunused-const-variable]
            static const npy_clongdouble c_ihalfl = {0.0, 0.5L};
                                         ^
            numpy/core/src/npymath/npy_math_complex.c.src:79:1: warning: unused function 'caddl' [-Wunused-function]
            caddl(npy_clongdouble a, npy_clongdouble b)
            ^
            numpy/core/src/npymath/npy_math_complex.c.src:87:1: warning: unused function 'csubl' [-Wunused-function]
            csubl(npy_clongdouble a, npy_clongdouble b)
            ^
            numpy/core/src/npymath/npy_math_complex.c.src:137:1: warning: unused function 'cnegl' [-Wunused-function]
            cnegl(npy_clongdouble a)
            ^
            numpy/core/src/npymath/npy_math_complex.c.src:144:1: warning: unused function 'cmulil' [-Wunused-function]
            cmulil(npy_clongdouble a)
            ^
            22 warnings generated.
            numpy/core/src/npymath/npy_math_complex.c.src:48:33: warning: unused variable 'tiny' [-Wunused-const-variable]
            static const volatile npy_float tiny = 3.9443045e-31f;
                                            ^
            numpy/core/src/npymath/npy_math_complex.c.src:67:25: warning: unused variable 'c_halff' [-Wunused-const-variable]
            static const npy_cfloat c_halff = {0.5F, 0.0};
                                    ^
            numpy/core/src/npymath/npy_math_complex.c.src:68:25: warning: unused variable 'c_if' [-Wunused-const-variable]
            static const npy_cfloat c_if = {0.0, 1.0F};
                                    ^
            numpy/core/src/npymath/npy_math_complex.c.src:69:25: warning: unused variable 'c_ihalff' [-Wunused-const-variable]
            static const npy_cfloat c_ihalff = {0.0, 0.5F};
                                    ^
            numpy/core/src/npymath/npy_math_complex.c.src:79:1: warning: unused function 'caddf' [-Wunused-function]
            caddf(npy_cfloat a, npy_cfloat b)
            ^
            numpy/core/src/npymath/npy_math_complex.c.src:87:1: warning: unused function 'csubf' [-Wunused-function]
            csubf(npy_cfloat a, npy_cfloat b)
            ^
            numpy/core/src/npymath/npy_math_complex.c.src:137:1: warning: unused function 'cnegf' [-Wunused-function]
            cnegf(npy_cfloat a)
            ^
            numpy/core/src/npymath/npy_math_complex.c.src:144:1: warning: unused function 'cmulif' [-Wunused-function]
            cmulif(npy_cfloat a)
            ^
            numpy/core/src/npymath/npy_math_complex.c.src:67:26: warning: unused variable 'c_half' [-Wunused-const-variable]
            static const npy_cdouble c_half = {0.5, 0.0};
                                     ^
            numpy/core/src/npymath/npy_math_complex.c.src:68:26: warning: unused variable 'c_i' [-Wunused-const-variable]
            static const npy_cdouble c_i = {0.0, 1.0};
                                     ^
            numpy/core/src/npymath/npy_math_complex.c.src:69:26: warning: unused variable 'c_ihalf' [-Wunused-const-variable]
            static const npy_cdouble c_ihalf = {0.0, 0.5};
                                     ^
            numpy/core/src/npymath/npy_math_complex.c.src:79:1: warning: unused function 'cadd' [-Wunused-function]
            cadd(npy_cdouble a, npy_cdouble b)
            ^
            numpy/core/src/npymath/npy_math_complex.c.src:87:1: warning: unused function 'csub' [-Wunused-function]
            csub(npy_cdouble a, npy_cdouble b)
            ^
            numpy/core/src/npymath/npy_math_complex.c.src:137:1: warning: unused function 'cneg' [-Wunused-function]
            cneg(npy_cdouble a)
            ^
            numpy/core/src/npymath/npy_math_complex.c.src:144:1: warning: unused function 'cmuli' [-Wunused-function]
            cmuli(npy_cdouble a)
            ^
            numpy/core/src/npymath/npy_math_complex.c.src:67:30: warning: unused variable 'c_halfl' [-Wunused-const-variable]
            static const npy_clongdouble c_halfl = {0.5L, 0.0};
                                         ^
            numpy/core/src/npymath/npy_math_complex.c.src:68:30: warning: unused variable 'c_il' [-Wunused-const-variable]
            static const npy_clongdouble c_il = {0.0, 1.0L};
                                         ^
            numpy/core/src/npymath/npy_math_complex.c.src:69:30: warning: unused variable 'c_ihalfl' [-Wunused-const-variable]
            static const npy_clongdouble c_ihalfl = {0.0, 0.5L};
                                         ^
            numpy/core/src/npymath/npy_math_complex.c.src:79:1: warning: unused function 'caddl' [-Wunused-function]
            caddl(npy_clongdouble a, npy_clongdouble b)
            ^
            numpy/core/src/npymath/npy_math_complex.c.src:87:1: warning: unused function 'csubl' [-Wunused-function]
            csubl(npy_clongdouble a, npy_clongdouble b)
            ^
            numpy/core/src/npymath/npy_math_complex.c.src:137:1: warning: unused function 'cnegl' [-Wunused-function]
            cnegl(npy_clongdouble a)
            ^
            numpy/core/src/npymath/npy_math_complex.c.src:144:1: warning: unused function 'cmulil' [-Wunused-function]
            cmulil(npy_clongdouble a)
            ^
            22 warnings generated.
            xcrun: adding 4 object files to build/temp.macosx-10.9-universal2-cpython-311/libnpymath.a
            warning: /Library/Developer/CommandLineTools/usr/bin/ranlib: archive library: build/temp.macosx-10.9-universal2-cpython-311/libnpymath.a will be fat and ar(1) will not be able to operate on it
            ranlib:@ build/temp.macosx-10.9-universal2-cpython-311/libnpymath.a
            building 'npysort' library
            compiling C sources
            C compiler: clang -Wsign-compare -Wunreachable-code -fno-common -dynamic -DNDEBUG -g -fwrapv -O3 -Wall -arch arm64 -arch x86_64 -g
      
            creating build/temp.macosx-10.9-universal2-cpython-311/build/src.macosx-10.9-universal2-3.1/numpy/core/src/npysort
            compile options: '-Ibuild/src.macosx-10.9-universal2-3.1/numpy/core/src/common -Inumpy/core/include -Ibuild/src.macosx-10.9-universal2-3.1/numpy/core/include/numpy -Inumpy/core/src/common -Inumpy/core/src -Inumpy/core -Inumpy/core/src/npymath -Inumpy/core/src/multiarray -Inumpy/core/src/umath -Inumpy/core/src/npysort -I/Users/lanre.bakare/Documents/internal-projects/AWS-MLOps-module/venv/include -I/Library/Frameworks/Python.framework/Versions/3.11/include/python3.11 -Ibuild/src.macosx-10.9-universal2-3.1/numpy/core/src/common -Ibuild/src.macosx-10.9-universal2-3.1/numpy/core/src/npymath -Ibuild/src.macosx-10.9-universal2-3.1/numpy/core/src/common -Ibuild/src.macosx-10.9-universal2-3.1/numpy/core/src/npymath -c'
            clang: build/src.macosx-10.9-universal2-3.1/numpy/core/src/npysort/quicksort.c
            clang: build/src.macosx-10.9-universal2-3.1/numpy/core/src/npysort/mergesort.cclang: build/src.macosx-10.9-universal2-3.1/numpy/core/src/npysort/timsort.c
            clang: build/src.macosx-10.9-universal2-3.1/numpy/core/src/npysort/heapsort.c
      
            clang: build/src.macosx-10.9-universal2-3.1/numpy/core/src/npysort/radixsort.c
            clang: build/src.macosx-10.9-universal2-3.1/numpy/core/src/npysort/selection.c
            clang: build/src.macosx-10.9-universal2-3.1/numpy/core/src/npysort/binsearch.c
            numpy/core/src/npysort/selection.c.src:328:9: warning: code will never be executed [-Wunreachable-code]
                    npy_intp k;
                    ^~~~~~~~~~~
            numpy/core/src/npysort/selection.c.src:326:14: note: silence by adding parentheses to mark code as explicitly dead
                else if (0 && kth == num - 1) {
                         ^
                         /* DISABLES CODE */ ( )
            numpy/core/src/npysort/selection.c.src:328:9: warning: code will never be executed [-Wunreachable-code]
                    npy_intp k;
                    ^~~~~~~~~~~
            numpy/core/src/npysort/selection.c.src:326:14: note: silence by adding parentheses to mark code as explicitly dead
                else if (0 && kth == num - 1) {
                         ^
                         /* DISABLES CODE */ ( )
            numpy/core/src/npysort/selection.c.src:328:9: warning: code will never be executed [-Wunreachable-code]
                    npy_intp k;
                    ^~~~~~~~~~~
            numpy/core/src/npysort/selection.c.src:326:14: note: silence by adding parentheses to mark code as explicitly dead
                else if (0 && kth == num - 1) {
                         ^
                         /* DISABLES CODE */ ( )
            numpy/core/src/npysort/selection.c.src:328:9: warning: code will never be executed [-Wunreachable-code]
                    npy_intp k;
                    ^~~~~~~~~~~
            numpy/core/src/npysort/selection.c.src:326:14: note: silence by adding parentheses to mark code as explicitly dead
                else if (0 && kth == num - 1) {
                         ^
                         /* DISABLES CODE */ ( )
            numpy/core/src/npysort/selection.c.src:328:9: warning: code will never be executed [-Wunreachable-code]
                    npy_intp k;
                    ^~~~~~~~~~~
            numpy/core/src/npysort/selection.c.src:326:14: note: silence by adding parentheses to mark code as explicitly dead
                else if (0 && kth == num - 1) {
                         ^
                         /* DISABLES CODE */ ( )
            numpy/core/src/npysort/selection.c.src:328:9: warning: code will never be executed [-Wunreachable-code]
                    npy_intp k;
                    ^~~~~~~~~~~
            numpy/core/src/npysort/selection.c.src:326:14: note: silence by adding parentheses to mark code as explicitly dead
                else if (0 && kth == num - 1) {
                         ^
                         /* DISABLES CODE */ ( )
            numpy/core/src/npysort/selection.c.src:328:9: warning: code will never be executed [-Wunreachable-code]
                    npy_intp k;
                    ^~~~~~~~~~~
            numpy/core/src/npysort/selection.c.src:326:14: note: silence by adding parentheses to mark code as explicitly dead
                else if (0 && kth == num - 1) {
                         ^
                         /* DISABLES CODE */ ( )
            numpy/core/src/npysort/selection.c.src:328:9: warning: code will never be executed [-Wunreachable-code]
                    npy_intp k;
                    ^~~~~~~~~~~
            numpy/core/src/npysort/selection.c.src:326:14: note: silence by adding parentheses to mark code as explicitly dead
                else if (0 && kth == num - 1) {
                         ^
                         /* DISABLES CODE */ ( )
            numpy/core/src/npysort/selection.c.src:328:9: warning: code will never be executed [-Wunreachable-code]
                    npy_intp k;
                    ^~~~~~~~~~~
            numpy/core/src/npysort/selection.c.src:326:14: note: silence by adding parentheses to mark code as explicitly dead
                else if (0 && kth == num - 1) {
                         ^
                         /* DISABLES CODE */ ( )
            numpy/core/src/npysort/selection.c.src:328:9: warning: code will never be executed [-Wunreachable-code]
                    npy_intp k;
                    ^~~~~~~~~~~
            numpy/core/src/npysort/selection.c.src:326:14: note: silence by adding parentheses to mark code as explicitly dead
                else if (0 && kth == num - 1) {
                         ^
                         /* DISABLES CODE */ ( )
            numpy/core/src/npysort/selection.c.src:328:9: warning: code will never be executed [-Wunreachable-code]
                    npy_intp k;
                    ^~~~~~~~~~~
            numpy/core/src/npysort/selection.c.src:326:14: note: silence by adding parentheses to mark code as explicitly dead
                else if (0 && kth == num - 1) {
                         ^
                         /* DISABLES CODE */ ( )
            numpy/core/src/npysort/selection.c.src:328:9: warning: code will never be executed [-Wunreachable-code]
                    npy_intp k;
                    ^~~~~~~~~~~
            numpy/core/src/npysort/selection.c.src:326:14: note: silence by adding parentheses to mark code as explicitly dead
                else if (0 && kth == num - 1) {
                         ^
                         /* DISABLES CODE */ ( )
            numpy/core/src/npysort/selection.c.src:328:9: warning: code will never be executed [-Wunreachable-code]
                    npy_intp k;
                    ^~~~~~~~~~~
            numpy/core/src/npysort/selection.c.src:326:14: note: silence by adding parentheses to mark code as explicitly dead
                else if (0 && kth == num - 1) {
                         ^
                         /* DISABLES CODE */ ( )
            numpy/core/src/npysort/selection.c.src:328:9: warning: code will never be executed [-Wunreachable-code]
                    npy_intp k;
                    ^~~~~~~~~~~
            numpy/core/src/npysort/selection.c.src:326:14: note: silence by adding parentheses to mark code as explicitly dead
                else if (0 && kth == num - 1) {
                         ^
                         /* DISABLES CODE */ ( )
            numpy/core/src/npysort/selection.c.src:328:9: warning: code will never be executed [-Wunreachable-code]
                    npy_intp k;
                    ^~~~~~~~~~~
            numpy/core/src/npysort/selection.c.src:326:14: note: silence by adding parentheses to mark code as explicitly dead
                else if (0 && kth == num - 1) {
                         ^
                         /* DISABLES CODE */ ( )
            numpy/core/src/npysort/selection.c.src:328:9: warning: code will never be executed [-Wunreachable-code]
                    npy_intp k;
                    ^~~~~~~~~~~
            numpy/core/src/npysort/selection.c.src:326:14: note: silence by adding parentheses to mark code as explicitly dead
                else if (0 && kth == num - 1) {
                         ^
                         /* DISABLES CODE */ ( )
            numpy/core/src/npysort/selection.c.src:328:9: warning: code will never be executed [-Wunreachable-code]
                    npy_intp k;
                    ^~~~~~~~~~~
            numpy/core/src/npysort/selection.c.src:326:14: note: silence by adding parentheses to mark code as explicitly dead
                else if (0 && kth == num - 1) {
                         ^
                         /* DISABLES CODE */ ( )
            numpy/core/src/npysort/selection.c.src:328:9: warning: code will never be executed [-Wunreachable-code]
                    npy_intp k;
                    ^~~~~~~~~~~
            numpy/core/src/npysort/selection.c.src:326:14: note: silence by adding parentheses to mark code as explicitly dead
                else if (0 && kth == num - 1) {
                         ^
                         /* DISABLES CODE */ ( )
            numpy/core/src/npysort/selection.c.src:328:9: warning: code will never be executed [-Wunreachable-code]
                    npy_intp k;
                    ^~~~~~~~~~~
            numpy/core/src/npysort/selection.c.src:326:14: note: silence by adding parentheses to mark code as explicitly dead
                else if (0 && kth == num - 1) {
                         ^
                         /* DISABLES CODE */ ( )
            numpy/core/src/npysort/selection.c.src:328:9: warning: code will never be executed [-Wunreachable-code]
                    npy_intp k;
                    ^~~~~~~~~~~
            numpy/core/src/npysort/selection.c.src:326:14: note: silence by adding parentheses to mark code as explicitly dead
                else if (0 && kth == num - 1) {
                         ^
                         /* DISABLES CODE */ ( )
            numpy/core/src/npysort/selection.c.src:328:9: warning: code will never be executed [-Wunreachable-code]
                    npy_intp k;
                    ^~~~~~~~~~~
            numpy/core/src/npysort/selection.c.src:326:14: note: silence by adding parentheses to mark code as explicitly dead
                else if (0 && kth == num - 1) {
                         ^
                         /* DISABLES CODE */ ( )
            numpy/core/src/npysort/selection.c.src:328:9: warning: code will never be executed [-Wunreachable-code]
                    npy_intp k;
                    ^~~~~~~~~~~
            numpy/core/src/npysort/selection.c.src:326:14: note: silence by adding parentheses to mark code as explicitly dead
                else if (0 && kth == num - 1) {
                         ^
                         /* DISABLES CODE */ ( )
            22 warnings generated.
            numpy/core/src/npysort/selection.c.src:328:9: warning: code will never be executed [-Wunreachable-code]
                    npy_intp k;
                    ^~~~~~~~~~~
            numpy/core/src/npysort/selection.c.src:326:14: note: silence by adding parentheses to mark code as explicitly dead
                else if (0 && kth == num - 1) {
                         ^
                         /* DISABLES CODE */ ( )
            numpy/core/src/npysort/selection.c.src:328:9: warning: code will never be executed [-Wunreachable-code]
                    npy_intp k;
                    ^~~~~~~~~~~
            numpy/core/src/npysort/selection.c.src:326:14: note: silence by adding parentheses to mark code as explicitly dead
                else if (0 && kth == num - 1) {
                         ^
                         /* DISABLES CODE */ ( )
            numpy/core/src/npysort/selection.c.src:328:9: warning: code will never be executed [-Wunreachable-code]
                    npy_intp k;
                    ^~~~~~~~~~~
            numpy/core/src/npysort/selection.c.src:326:14: note: silence by adding parentheses to mark code as explicitly dead
                else if (0 && kth == num - 1) {
                         ^
                         /* DISABLES CODE */ ( )
            numpy/core/src/npysort/selection.c.src:328:9: warning: code will never be executed [-Wunreachable-code]
                    npy_intp k;
                    ^~~~~~~~~~~
            numpy/core/src/npysort/selection.c.src:326:14: note: silence by adding parentheses to mark code as explicitly dead
                else if (0 && kth == num - 1) {
                         ^
                         /* DISABLES CODE */ ( )
            numpy/core/src/npysort/selection.c.src:328:9: warning: code will never be executed [-Wunreachable-code]
                    npy_intp k;
                    ^~~~~~~~~~~
            numpy/core/src/npysort/selection.c.src:326:14: note: silence by adding parentheses to mark code as explicitly dead
                else if (0 && kth == num - 1) {
                         ^
                         /* DISABLES CODE */ ( )
            numpy/core/src/npysort/selection.c.src:328:9: warning: code will never be executed [-Wunreachable-code]
                    npy_intp k;
                    ^~~~~~~~~~~
            numpy/core/src/npysort/selection.c.src:326:14: note: silence by adding parentheses to mark code as explicitly dead
                else if (0 && kth == num - 1) {
                         ^
                         /* DISABLES CODE */ ( )
            numpy/core/src/npysort/selection.c.src:328:9: warning: code will never be executed [-Wunreachable-code]
                    npy_intp k;
                    ^~~~~~~~~~~
            numpy/core/src/npysort/selection.c.src:326:14: note: silence by adding parentheses to mark code as explicitly dead
                else if (0 && kth == num - 1) {
                         ^
                         /* DISABLES CODE */ ( )
            numpy/core/src/npysort/selection.c.src:328:9: warning: code will never be executed [-Wunreachable-code]
                    npy_intp k;
                    ^~~~~~~~~~~
            numpy/core/src/npysort/selection.c.src:326:14: note: silence by adding parentheses to mark code as explicitly dead
                else if (0 && kth == num - 1) {
                         ^
                         /* DISABLES CODE */ ( )
            numpy/core/src/npysort/selection.c.src:328:9: warning: code will never be executed [-Wunreachable-code]
                    npy_intp k;
                    ^~~~~~~~~~~
            numpy/core/src/npysort/selection.c.src:326:14: note: silence by adding parentheses to mark code as explicitly dead
                else if (0 && kth == num - 1) {
                         ^
                         /* DISABLES CODE */ ( )
            numpy/core/src/npysort/selection.c.src:328:9: warning: code will never be executed [-Wunreachable-code]
                    npy_intp k;
                    ^~~~~~~~~~~
            numpy/core/src/npysort/selection.c.src:326:14: note: silence by adding parentheses to mark code as explicitly dead
                else if (0 && kth == num - 1) {
                         ^
                         /* DISABLES CODE */ ( )
            numpy/core/src/npysort/selection.c.src:328:9: warning: code will never be executed [-Wunreachable-code]
                    npy_intp k;
                    ^~~~~~~~~~~
            numpy/core/src/npysort/selection.c.src:326:14: note: silence by adding parentheses to mark code as explicitly dead
                else if (0 && kth == num - 1) {
                         ^
                         /* DISABLES CODE */ ( )
            numpy/core/src/npysort/selection.c.src:328:9: warning: code will never be executed [-Wunreachable-code]
                    npy_intp k;
                    ^~~~~~~~~~~
            numpy/core/src/npysort/selection.c.src:326:14: note: silence by adding parentheses to mark code as explicitly dead
                else if (0 && kth == num - 1) {
                         ^
                         /* DISABLES CODE */ ( )
            numpy/core/src/npysort/selection.c.src:328:9: warning: code will never be executed [-Wunreachable-code]
                    npy_intp k;
                    ^~~~~~~~~~~
            numpy/core/src/npysort/selection.c.src:326:14: note: silence by adding parentheses to mark code as explicitly dead
                else if (0 && kth == num - 1) {
                         ^
                         /* DISABLES CODE */ ( )
            numpy/core/src/npysort/selection.c.src:328:9: warning: code will never be executed [-Wunreachable-code]
                    npy_intp k;
                    ^~~~~~~~~~~
            numpy/core/src/npysort/selection.c.src:326:14: note: silence by adding parentheses to mark code as explicitly dead
                else if (0 && kth == num - 1) {
                         ^
                         /* DISABLES CODE */ ( )
            numpy/core/src/npysort/selection.c.src:328:9: warning: code will never be executed [-Wunreachable-code]
                    npy_intp k;
                    ^~~~~~~~~~~
            numpy/core/src/npysort/selection.c.src:326:14: note: silence by adding parentheses to mark code as explicitly dead
                else if (0 && kth == num - 1) {
                         ^
                         /* DISABLES CODE */ ( )
            numpy/core/src/npysort/selection.c.src:328:9: warning: code will never be executed [-Wunreachable-code]
                    npy_intp k;
                    ^~~~~~~~~~~
            numpy/core/src/npysort/selection.c.src:326:14: note: silence by adding parentheses to mark code as explicitly dead
                else if (0 && kth == num - 1) {
                         ^
                         /* DISABLES CODE */ ( )
            numpy/core/src/npysort/selection.c.src:328:9: warning: code will never be executed [-Wunreachable-code]
                    npy_intp k;
                    ^~~~~~~~~~~
            numpy/core/src/npysort/selection.c.src:326:14: note: silence by adding parentheses to mark code as explicitly dead
                else if (0 && kth == num - 1) {
                         ^
                         /* DISABLES CODE */ ( )
            numpy/core/src/npysort/selection.c.src:328:9: warning: code will never be executed [-Wunreachable-code]
                    npy_intp k;
                    ^~~~~~~~~~~
            numpy/core/src/npysort/selection.c.src:326:14: note: silence by adding parentheses to mark code as explicitly dead
                else if (0 && kth == num - 1) {
                         ^
                         /* DISABLES CODE */ ( )
            numpy/core/src/npysort/selection.c.src:328:9: warning: code will never be executed [-Wunreachable-code]
                    npy_intp k;
                    ^~~~~~~~~~~
            numpy/core/src/npysort/selection.c.src:326:14: note: silence by adding parentheses to mark code as explicitly dead
                else if (0 && kth == num - 1) {
                         ^
                         /* DISABLES CODE */ ( )
            numpy/core/src/npysort/selection.c.src:328:9: warning: code will never be executed [-Wunreachable-code]
                    npy_intp k;
                    ^~~~~~~~~~~
            numpy/core/src/npysort/selection.c.src:326:14: note: silence by adding parentheses to mark code as explicitly dead
                else if (0 && kth == num - 1) {
                         ^
                         /* DISABLES CODE */ ( )
            numpy/core/src/npysort/selection.c.src:328:9: warning: code will never be executed [-Wunreachable-code]
                    npy_intp k;
                    ^~~~~~~~~~~
            numpy/core/src/npysort/selection.c.src:326:14: note: silence by adding parentheses to mark code as explicitly dead
                else if (0 && kth == num - 1) {
                         ^
                         /* DISABLES CODE */ ( )
            numpy/core/src/npysort/selection.c.src:328:9: warning: code will never be executed [-Wunreachable-code]
                    npy_intp k;
                    ^~~~~~~~~~~
            numpy/core/src/npysort/selection.c.src:326:14: note: silence by adding parentheses to mark code as explicitly dead
                else if (0 && kth == num - 1) {
                         ^
                         /* DISABLES CODE */ ( )
            22 warnings generated.
            xcrun: adding 7 object files to build/temp.macosx-10.9-universal2-cpython-311/libnpysort.a
            warning: /Library/Developer/CommandLineTools/usr/bin/ranlib: archive library: build/temp.macosx-10.9-universal2-cpython-311/libnpysort.a will be fat and ar(1) will not be able to operate on it
            ranlib:@ build/temp.macosx-10.9-universal2-cpython-311/libnpysort.a
            running build_ext
            customize UnixCCompiler
            customize UnixCCompiler using build_ext
            building 'numpy.core._dummy' extension
            compiling C sources
            C compiler: clang -Wsign-compare -Wunreachable-code -fno-common -dynamic -DNDEBUG -g -fwrapv -O3 -Wall -arch arm64 -arch x86_64 -g
      
            compile options: '-DNPY_INTERNAL_BUILD=1 -DHAVE_NPY_CONFIG_H=1 -D_FILE_OFFSET_BITS=64 -D_LARGEFILE_SOURCE=1 -D_LARGEFILE64_SOURCE=1 -Inumpy/core/include -Ibuild/src.macosx-10.9-universal2-3.1/numpy/core/include/numpy -Inumpy/core/src/common -Inumpy/core/src -Inumpy/core -Inumpy/core/src/npymath -Inumpy/core/src/multiarray -Inumpy/core/src/umath -Inumpy/core/src/npysort -I/Users/lanre.bakare/Documents/internal-projects/AWS-MLOps-module/venv/include -I/Library/Frameworks/Python.framework/Versions/3.11/include/python3.11 -Ibuild/src.macosx-10.9-universal2-3.1/numpy/core/src/common -Ibuild/src.macosx-10.9-universal2-3.1/numpy/core/src/npymath -Ibuild/src.macosx-10.9-universal2-3.1/numpy/core/src/common -Ibuild/src.macosx-10.9-universal2-3.1/numpy/core/src/npymath -c'
            clang: numpy/core/src/dummymodule.c
            clang -bundle -undefined dynamic_lookup -arch arm64 -arch x86_64 -g build/temp.macosx-10.9-universal2-cpython-311/numpy/core/src/dummymodule.o -Lbuild/temp.macosx-10.9-universal2-cpython-311 -o build/lib.macosx-10.9-universal2-cpython-311/numpy/core/_dummy.cpython-311-darwin.so
            building 'numpy.core._multiarray_tests' extension
            compiling C sources
            C compiler: clang -Wsign-compare -Wunreachable-code -fno-common -dynamic -DNDEBUG -g -fwrapv -O3 -Wall -arch arm64 -arch x86_64 -g
      
            creating build/temp.macosx-10.9-universal2-cpython-311/build/src.macosx-10.9-universal2-3.1/numpy/core/src/multiarray
            creating build/temp.macosx-10.9-universal2-cpython-311/numpy/core/src/common
            compile options: '-DNPY_INTERNAL_BUILD=1 -DHAVE_NPY_CONFIG_H=1 -D_FILE_OFFSET_BITS=64 -D_LARGEFILE_SOURCE=1 -D_LARGEFILE64_SOURCE=1 -Inumpy/core/include -Ibuild/src.macosx-10.9-universal2-3.1/numpy/core/include/numpy -Inumpy/core/src/common -Inumpy/core/src -Inumpy/core -Inumpy/core/src/npymath -Inumpy/core/src/multiarray -Inumpy/core/src/umath -Inumpy/core/src/npysort -I/Users/lanre.bakare/Documents/internal-projects/AWS-MLOps-module/venv/include -I/Library/Frameworks/Python.framework/Versions/3.11/include/python3.11 -Ibuild/src.macosx-10.9-universal2-3.1/numpy/core/src/common -Ibuild/src.macosx-10.9-universal2-3.1/numpy/core/src/npymath -Ibuild/src.macosx-10.9-universal2-3.1/numpy/core/src/common -Ibuild/src.macosx-10.9-universal2-3.1/numpy/core/src/npymath -c'
            clang: build/src.macosx-10.9-universal2-3.1/numpy/core/src/multiarray/_multiarray_tests.c
            clang: numpy/core/src/common/mem_overlap.c
            clang -bundle -undefined dynamic_lookup -arch arm64 -arch x86_64 -g build/temp.macosx-10.9-universal2-cpython-311/build/src.macosx-10.9-universal2-3.1/numpy/core/src/multiarray/_multiarray_tests.o build/temp.macosx-10.9-universal2-cpython-311/numpy/core/src/common/mem_overlap.o -Lbuild/temp.macosx-10.9-universal2-cpython-311 -lnpymath -o build/lib.macosx-10.9-universal2-cpython-311/numpy/core/_multiarray_tests.cpython-311-darwin.so
            building 'numpy.core._multiarray_umath' extension
            compiling C sources
            C compiler: clang -Wsign-compare -Wunreachable-code -fno-common -dynamic -DNDEBUG -g -fwrapv -O3 -Wall -arch arm64 -arch x86_64 -g
      
            creating build/temp.macosx-10.9-universal2-cpython-311/numpy/core/src/multiarray
            creating build/temp.macosx-10.9-universal2-cpython-311/numpy/core/src/umath
            creating build/temp.macosx-10.9-universal2-cpython-311/build/src.macosx-10.9-universal2-3.1/numpy/core/src/umath
            creating build/temp.macosx-10.9-universal2-cpython-311/private
            creating build/temp.macosx-10.9-universal2-cpython-311/private/var
            creating build/temp.macosx-10.9-universal2-cpython-311/private/var/folders
            creating build/temp.macosx-10.9-universal2-cpython-311/private/var/folders/d_
            creating build/temp.macosx-10.9-universal2-cpython-311/private/var/folders/d_/3nrrjtxx4_n0pm9sq8r8cpfw0000gn
            creating build/temp.macosx-10.9-universal2-cpython-311/private/var/folders/d_/3nrrjtxx4_n0pm9sq8r8cpfw0000gn/T
            creating build/temp.macosx-10.9-universal2-cpython-311/private/var/folders/d_/3nrrjtxx4_n0pm9sq8r8cpfw0000gn/T/pip-install-wchcwrc0
            creating build/temp.macosx-10.9-universal2-cpython-311/private/var/folders/d_/3nrrjtxx4_n0pm9sq8r8cpfw0000gn/T/pip-install-wchcwrc0/numpy_b0e9b2d5de904eb5bc5acceca8c64231
            creating build/temp.macosx-10.9-universal2-cpython-311/private/var/folders/d_/3nrrjtxx4_n0pm9sq8r8cpfw0000gn/T/pip-install-wchcwrc0/numpy_b0e9b2d5de904eb5bc5acceca8c64231/numpy
            creating build/temp.macosx-10.9-universal2-cpython-311/private/var/folders/d_/3nrrjtxx4_n0pm9sq8r8cpfw0000gn/T/pip-install-wchcwrc0/numpy_b0e9b2d5de904eb5bc5acceca8c64231/numpy/_build_utils
            creating build/temp.macosx-10.9-universal2-cpython-311/private/var/folders/d_/3nrrjtxx4_n0pm9sq8r8cpfw0000gn/T/pip-install-wchcwrc0/numpy_b0e9b2d5de904eb5bc5acceca8c64231/numpy/_build_utils/src
            compile options: '-DNPY_INTERNAL_BUILD=1 -DHAVE_NPY_CONFIG_H=1 -D_FILE_OFFSET_BITS=64 -D_LARGEFILE_SOURCE=1 -D_LARGEFILE64_SOURCE=1 -DNO_ATLAS_INFO=3 -DHAVE_CBLAS -Ibuild/src.macosx-10.9-universal2-3.1/numpy/core/src/umath -Ibuild/src.macosx-10.9-universal2-3.1/numpy/core/src/npymath -Ibuild/src.macosx-10.9-universal2-3.1/numpy/core/src/common -Inumpy/core/include -Ibuild/src.macosx-10.9-universal2-3.1/numpy/core/include/numpy -Inumpy/core/src/common -Inumpy/core/src -Inumpy/core -Inumpy/core/src/npymath -Inumpy/core/src/multiarray -Inumpy/core/src/umath -Inumpy/core/src/npysort -I/Users/lanre.bakare/Documents/internal-projects/AWS-MLOps-module/venv/include -I/Library/Frameworks/Python.framework/Versions/3.11/include/python3.11 -Ibuild/src.macosx-10.9-universal2-3.1/numpy/core/src/common -Ibuild/src.macosx-10.9-universal2-3.1/numpy/core/src/npymath -Ibuild/src.macosx-10.9-universal2-3.1/numpy/core/src/common -Ibuild/src.macosx-10.9-universal2-3.1/numpy/core/src/npymath -c'
            extra options: '-faltivec -I/System/Library/Frameworks/vecLib.framework/Headers'
            clang: numpy/core/src/multiarray/alloc.c
            clang: numpy/core/src/multiarray/array_assign_scalar.c
            clang: numpy/core/src/multiarray/buffer.c
            clang: numpy/core/src/multiarray/common.c
            clang: numpy/core/src/multiarray/conversion_utils.c
            clang: numpy/core/src/multiarray/datetime_strings.c
            clang: build/src.macosx-10.9-universal2-3.1/numpy/core/src/multiarray/einsum.cclang: numpy/core/src/multiarray/descriptor.c
      
            clang: error: the clang compiler does not support 'faltivec', please use -maltivec and include altivec.h explicitly
            clang: error: the clang compiler does not support 'faltivec', please use -maltivec and include altivec.h explicitly
            clang: numpy/core/src/multiarray/hashdescr.c
            clang: error: the clang compiler does not support 'faltivec', please use -maltivec and include altivec.h explicitly
            clang: error: the clang compiler does not support 'faltivec', please use -maltivec and include altivec.h explicitly
            clang: build/src.macosx-10.9-universal2-3.1/numpy/core/src/multiarray/lowlevel_strided_loops.c
            clang: error: the clang compiler does not support 'faltivec', please use -maltivec and include altivec.h explicitly
            clang: error: the clang compiler does not support 'faltivec', please use -maltivec and include altivec.h explicitly
            clang: numpy/core/src/multiarray/multiarraymodule.c
            clang: error: the clang compiler does not support 'faltivec', please use -maltivec and include altivec.h explicitly
            clang: error: the clang compiler does not support 'faltivec', please use -maltivec and include altivec.h explicitly
            clang: numpy/core/src/multiarray/nditer_constr.c
            clang: error: the clang compiler does not support 'faltivec', please use -maltivec and include altivec.h explicitly
            clang: error: the clang compiler does not support 'faltivec', please use -maltivec and include altivec.h explicitly
            clang: numpy/core/src/multiarray/refcount.c
            clang: error: the clang compiler does not support 'faltivec', please use -maltivec and include altivec.h explicitly
            clang: error: the clang compiler does not support 'faltivec', please use -maltivec and include altivec.h explicitly
            clang: numpy/core/src/multiarray/scalarapi.c
            clang: error: the clang compiler does not support 'faltivec', please use -maltivec and include altivec.h explicitly
            clang: error: the clang compiler does not support 'faltivec', please use -maltivec and include altivec.h explicitly
            clang: numpy/core/src/multiarray/temp_elide.c
            clang: error: the clang compiler does not support 'faltivec', please use -maltivec and include altivec.h explicitly
            clang: error: the clang compiler does not support 'faltivec', please use -maltivec and include altivec.h explicitly
            clang: numpy/core/src/multiarray/vdot.c
            clang: error: the clang compiler does not support 'faltivec', please use -maltivec and include altivec.h explicitly
            clang: error: the clang compiler does not support 'faltivec', please use -maltivec and include altivec.h explicitly
            clang: build/src.macosx-10.9-universal2-3.1/numpy/core/src/umath/loops.c
            clang: error: the clang compiler does not support 'faltivec', please use -maltivec and include altivec.h explicitly
            clang: error: the clang compiler does not support 'faltivec', please use -maltivec and include altivec.h explicitly
            clang: numpy/core/src/umath/ufunc_object.c
            clang: error: the clang compiler does not support 'faltivec', please use -maltivec and include altivec.h explicitly
            clang: error: the clang compiler does not support 'faltivec', please use -maltivec and include altivec.h explicitly
            clang: build/src.macosx-10.9-universal2-3.1/numpy/core/src/umath/scalarmath.c
            clang: error: the clang compiler does not support 'faltivec', please use -maltivec and include altivec.h explicitly
            clang: error: the clang compiler does not support 'faltivec', please use -maltivec and include altivec.h explicitly
            clang: numpy/core/src/npymath/npy_math.c
            clang: error: the clang compiler does not support 'faltivec', please use -maltivec and include altivec.h explicitly
            clang: error: the clang compiler does not support 'faltivec', please use -maltivec and include altivec.h explicitly
            clang: numpy/core/src/npymath/halffloat.c
            clang: error: the clang compiler does not support 'faltivec', please use -maltivec and include altivec.h explicitly
            clang: error: the clang compiler does not support 'faltivec', please use -maltivec and include altivec.h explicitly
            clang: numpy/core/src/common/npy_longdouble.c
            clang: error: the clang compiler does not support 'faltivec', please use -maltivec and include altivec.h explicitly
            clang: error: the clang compiler does not support 'faltivec', please use -maltivec and include altivec.h explicitly
            clang: numpy/core/src/common/numpyos.c
            clang: error: the clang compiler does not support 'faltivec', please use -maltivec and include altivec.h explicitly
            clang: error: the clang compiler does not support 'faltivec', please use -maltivec and include altivec.h explicitly
            clang: /private/var/folders/d_/3nrrjtxx4_n0pm9sq8r8cpfw0000gn/T/pip-install-wchcwrc0/numpy_b0e9b2d5de904eb5bc5acceca8c64231/numpy/_build_utils/src/apple_sgemv_fix.c
            clang: error: the clang compiler does not support 'faltivec', please use -maltivec and include altivec.h explicitly
            clang: error: the clang compiler does not support 'faltivec', please use -maltivec and include altivec.h explicitly
            clang: error: the clang compiler does not support 'faltivec', please use -maltivec and include altivec.h explicitly
            clang: error: the clang compiler does not support 'faltivec', please use -maltivec and include altivec.h explicitly
            clang: error: the clang compiler does not support 'faltivec', please use -maltivec and include altivec.h explicitly
            clang: error: the clang compiler does not support 'faltivec', please use -maltivec and include altivec.h explicitly
            clang: error: the clang compiler does not support 'faltivec', please use -maltivec and include altivec.h explicitly
            clang: error: the clang compiler does not support 'faltivec', please use -maltivec and include altivec.h explicitly
            clang: error: the clang compiler does not support 'faltivec', please use -maltivec and include altivec.h explicitly
            clang: error: the clang compiler does not support 'faltivec', please use -maltivec and include altivec.h explicitly
            clang: error: the clang compiler does not support 'faltivec', please use -maltivec and include altivec.h explicitly
            clang: error: the clang compiler does not support 'faltivec', please use -maltivec and include altivec.h explicitly
            clang: error: the clang compiler does not support 'faltivec', please use -maltivec and include altivec.h explicitly
            clang: error: the clang compiler does not support 'faltivec', please use -maltivec and include altivec.h explicitly
            clang: error: the clang compiler does not support 'faltivec', please use -maltivec and include altivec.h explicitly
            clang: error: the clang compiler does not support 'faltivec', please use -maltivec and include altivec.h explicitly
            error: Command "clang -Wsign-compare -Wunreachable-code -fno-common -dynamic -DNDEBUG -g -fwrapv -O3 -Wall -arch arm64 -arch x86_64 -g -DNPY_INTERNAL_BUILD=1 -DHAVE_NPY_CONFIG_H=1 -D_FILE_OFFSET_BITS=64 -D_LARGEFILE_SOURCE=1 -D_LARGEFILE64_SOURCE=1 -DNO_ATLAS_INFO=3 -DHAVE_CBLAS -Ibuild/src.macosx-10.9-universal2-3.1/numpy/core/src/umath -Ibuild/src.macosx-10.9-universal2-3.1/numpy/core/src/npymath -Ibuild/src.macosx-10.9-universal2-3.1/numpy/core/src/common -Inumpy/core/include -Ibuild/src.macosx-10.9-universal2-3.1/numpy/core/include/numpy -Inumpy/core/src/common -Inumpy/core/src -Inumpy/core -Inumpy/core/src/npymath -Inumpy/core/src/multiarray -Inumpy/core/src/umath -Inumpy/core/src/npysort -I/Users/lanre.bakare/Documents/internal-projects/AWS-MLOps-module/venv/include -I/Library/Frameworks/Python.framework/Versions/3.11/include/python3.11 -Ibuild/src.macosx-10.9-universal2-3.1/numpy/core/src/common -Ibuild/src.macosx-10.9-universal2-3.1/numpy/core/src/npymath -Ibuild/src.macosx-10.9-universal2-3.1/numpy/core/src/common -Ibuild/src.macosx-10.9-universal2-3.1/numpy/core/src/npymath -c numpy/core/src/multiarray/alloc.c -o build/temp.macosx-10.9-universal2-cpython-311/numpy/core/src/multiarray/alloc.o -MMD -MF build/temp.macosx-10.9-universal2-cpython-311/numpy/core/src/multiarray/alloc.o.d -faltivec -I/System/Library/Frameworks/vecLib.framework/Headers" failed with exit status 1
            [end of output]
      
        note: This error originates from a subprocess, and is likely not a problem with pip.
      error: legacy-install-failure
      
       Encountered error while trying to install package.
      > numpy
      
      note: This is an issue with the package mentioned above, not pip.
      hint: See above for output from the failure.
      
      [notice] A new release of pip available: 22.3 -> 23.2.1
      [notice] To update, run: pip install --upgrade pip
      [end of output]
  
  note: This error originates from a subprocess, and is likely not a problem with pip.
error: subprocess-exited-with-error

 pip subprocess to install build dependencies did not run successfully.
 exit code: 1
> See above for output.

note: This error originates from a subprocess, and is likely not a problem with pip.
